77 error execute callback with error
78 error Error: Command failed: npm install
78 error npm WARN rm not removing /home/simon/programming/cd-tmp/packages/server/node_modules/.bin/esvalidate as it wasn't installed by /home/simon/programming/cd-tmp/packages/server/node_modules/esprima
78 error npm WARN rm not removing /home/simon/programming/cd-tmp/packages/server/node_modules/.bin/esparse as it wasn't installed by /home/simon/programming/cd-tmp/packages/server/node_modules/esprima
78 error sh: node-pre-gyp: command not found
78 error npm WARN server No description
78 error npm WARN server No repository field.
78 error npm WARN server No license field.
78 error npm WARN optional SKIPPING OPTIONAL DEPENDENCY: fsevents@1.2.4 (node_modules/fsevents):
78 error npm WARN notsup SKIPPING OPTIONAL DEPENDENCY: Unsupported platform for fsevents@1.2.4: wanted {"os":"darwin","arch":"any"} (current: {"os":"linux","arch":"x64"})
78 error
78 error npm ERR! file sh
78 error npm ERR! code ELIFECYCLE
78 error npm ERR! errno ENOENT
78 error npm ERR! syscall spawn
78 error npm ERR! bcrypt@2.0.1 install: `node-pre-gyp install --fallback-to-build`
78 error npm ERR! spawn ENOENT
78 error npm ERR!
78 error npm ERR! Failed at the bcrypt@2.0.1 install script.
78 error npm ERR! This is probably not a problem with npm. There is likely additional logging output above.
78 error
78 error npm ERR! A complete log of this run can be found in:
78 error npm ERR!     /home/simon/.npm/_logs/2018-06-04T19_38_05_022Z-debug.log
78 error
78 error > bcrypt@2.0.1 install /home/simon/programming/cd-tmp/packages/server/node_modules/bcrypt
78 error > node-pre-gyp install --fallback-to-build
78 error
78 error
78 error     at Promise.all.then.arr (/home/simon/.config/yarn/global/node_modules/execa/index.js:236:11)
